<?xml version="1.0" encoding="UTF-8"?>
<!-- Generated by org.testng.reporters.JUnitReportReporter -->
<testsuite hostname="MSI" failures="0" tests="10" name="com.learning_TestNG.Learning_Thread_Poolsize_Attribute" time="165.499" errors="0" timestamp="2024-01-20T13:54:48 IST" skipped="0">
  <testcase classname="com.learning_TestNG.Learning_Thread_Poolsize_Attribute" name="testName" time="15.181"/>
  <system-out>
    <![CDATA[Executing Login Test Case..]]>
  </system-out>
  <testcase classname="com.learning_TestNG.Learning_Thread_Poolsize_Attribute" name="testName" time="15.417"/>
  <system-out>
    <![CDATA[Executing Login Test Case..]]>
  </system-out>
  <testcase classname="com.learning_TestNG.Learning_Thread_Poolsize_Attribute" name="testName" time="17.300"/>
  <system-out>
    <![CDATA[Executing Login Test Case..]]>
  </system-out>
  <testcase classname="com.learning_TestNG.Learning_Thread_Poolsize_Attribute" name="testName" time="16.981"/>
  <system-out>
    <![CDATA[Executing Login Test Case..]]>
  </system-out>
  <testcase classname="com.learning_TestNG.Learning_Thread_Poolsize_Attribute" name="testName" time="16.598"/>
  <system-out>
    <![CDATA[Executing Login Test Case..]]>
  </system-out>
  <testcase classname="com.learning_TestNG.Learning_Thread_Poolsize_Attribute" name="testName" time="17.226"/>
  <system-out>
    <![CDATA[Executing Login Test Case..]]>
  </system-out>
  <testcase classname="com.learning_TestNG.Learning_Thread_Poolsize_Attribute" name="testName" time="17.384"/>
  <system-out>
    <![CDATA[Executing Login Test Case..]]>
  </system-out>
  <testcase classname="com.learning_TestNG.Learning_Thread_Poolsize_Attribute" name="testName" time="16.712"/>
  <system-out>
    <![CDATA[Executing Login Test Case..]]>
  </system-out>
  <testcase classname="com.learning_TestNG.Learning_Thread_Poolsize_Attribute" name="testName" time="15.515"/>
  <system-out>
    <![CDATA[Executing Login Test Case..]]>
  </system-out>
  <testcase classname="com.learning_TestNG.Learning_Thread_Poolsize_Attribute" name="testName" time="17.185"/>
  <system-out>
    <![CDATA[Executing Login Test Case..]]>
  </system-out>
</testsuite> <!-- com.learning_TestNG.Learning_Thread_Poolsize_Attribute -->
