<?xml version="1.0" encoding="UTF-8"?>
<!-- Generated by org.testng.reporters.JUnitReportReporter -->
<testsuite hostname="MSI" failures="0" tests="1" name="com.generic_Library.base_Test" time="13.186" errors="0" timestamp="2024-01-20T23:36:15 IST" skipped="0">
  <testcase classname="com.generic_Library.base_Test" name="search" time="13.186"/>
  <system-out/>
</testsuite> <!-- com.generic_Library.base_Test -->
