<?xml version="1.0" encoding="UTF-8"?>
<!-- Generated by org.testng.reporters.JUnitReportReporter -->
<testsuite hostname="MSI" failures="0" tests="1" name="com.testScripts.TC003_RemoveFromCart" time="5.690" errors="0" timestamp="2024-01-21T01:39:12 IST" skipped="0">
  <testcase classname="com.testScripts.TC003_RemoveFromCart" name="removeFromCart" time="5.690"/>
  <system-out/>
</testsuite> <!-- com.testScripts.TC003_RemoveFromCart -->
