<?xml version="1.0" encoding="UTF-8"?>
<!-- Generated by org.testng.reporters.JUnitReportReporter -->
<testsuite hostname="MSI" failures="0" tests="3" name="com.learning_TestNG.First_TestNg_Class" time="0.013" errors="0" timestamp="2024-01-20T12:36:04 IST" skipped="0">
  <testcase classname="com.learning_TestNG.First_TestNg_Class" name="loginTest" time="0.002"/>
  <system-out>
    <![CDATA[Executing Login Test Case..]]>
  </system-out>
  <testcase classname="com.learning_TestNG.First_TestNg_Class" name="registerTest" time="0.002"/>
  <system-out>
    <![CDATA[Executing Register Test Case]]>
  </system-out>
  <testcase classname="com.learning_TestNG.First_TestNg_Class" name="SearchTest" time="0.009"/>
  <system-out>
    <![CDATA[Searchh Test Case]]>
  </system-out>
</testsuite> <!-- com.learning_TestNG.First_TestNg_Class -->
