<?xml version="1.0" encoding="UTF-8"?>
<!-- Generated by org.testng.reporters.JUnitReportReporter -->
<testsuite hostname="MSI" failures="0" tests="3" name="com.learning_TestNG.Learning_Enable_Atrribute" time="0.013" errors="0" timestamp="2024-01-20T13:23:39 IST" skipped="2">
  <testcase classname="com.learning_TestNG.Learning_Enable_Atrribute" name="registerTest" time="0.013"/>
  <system-out>
    <![CDATA[Executing Register Test Case]]>
  </system-out>
  <testcase classname="com.learning_TestNG.Learning_Enable_Atrribute" name="loginTest">
    <skipped/>
  </testcase> <!-- loginTest -->
  <system-out/>
  <testcase classname="com.learning_TestNG.Learning_Enable_Atrribute" name="SearchTest">
    <skipped/>
  </testcase> <!-- SearchTest -->
  <system-out/>
</testsuite> <!-- com.learning_TestNG.Learning_Enable_Atrribute -->
