<?xml version="1.0" encoding="UTF-8"?>
<!-- Generated by org.testng.reporters.JUnitReportReporter -->
<testsuite hostname="MSI" failures="0" tests="1" name="com.testScripts.TC0003_RemoveFromCart_Test" time="9.161" errors="0" timestamp="2024-01-21T13:15:04 IST" skipped="0">
  <testcase classname="com.testScripts.TC0003_RemoveFromCart_Test" name="removeFromCart" time="9.161"/>
  <system-out/>
</testsuite> <!-- com.testScripts.TC0003_RemoveFromCart_Test -->
