<?xml version="1.0" encoding="UTF-8"?>
<!-- Generated by org.testng.reporters.JUnitReportReporter -->
<testsuite hostname="MSI" failures="0" tests="10" name="com.learning_TestNG.Learning_Incoation_Count_Attribute" time="62.405" errors="0" timestamp="2024-01-20T13:34:03 IST" skipped="0">
  <testcase classname="com.learning_TestNG.Learning_Incoation_Count_Attribute" name="loginTest" time="5.754"/>
  <system-out>
    <![CDATA[Executing Login Test Case..]]>
  </system-out>
  <testcase classname="com.learning_TestNG.Learning_Incoation_Count_Attribute" name="loginTest" time="5.933"/>
  <system-out>
    <![CDATA[Executing Login Test Case..]]>
  </system-out>
  <testcase classname="com.learning_TestNG.Learning_Incoation_Count_Attribute" name="loginTest" time="5.553"/>
  <system-out>
    <![CDATA[Executing Login Test Case..]]>
  </system-out>
  <testcase classname="com.learning_TestNG.Learning_Incoation_Count_Attribute" name="loginTest" time="7.431"/>
  <system-out>
    <![CDATA[Executing Login Test Case..]]>
  </system-out>
  <testcase classname="com.learning_TestNG.Learning_Incoation_Count_Attribute" name="loginTest" time="5.801"/>
  <system-out>
    <![CDATA[Executing Login Test Case..]]>
  </system-out>
  <testcase classname="com.learning_TestNG.Learning_Incoation_Count_Attribute" name="loginTest" time="5.876"/>
  <system-out>
    <![CDATA[Executing Login Test Case..]]>
  </system-out>
  <testcase classname="com.learning_TestNG.Learning_Incoation_Count_Attribute" name="loginTest" time="8.370"/>
  <system-out>
    <![CDATA[Executing Login Test Case..]]>
  </system-out>
  <testcase classname="com.learning_TestNG.Learning_Incoation_Count_Attribute" name="loginTest" time="5.344"/>
  <system-out>
    <![CDATA[Executing Login Test Case..]]>
  </system-out>
  <testcase classname="com.learning_TestNG.Learning_Incoation_Count_Attribute" name="loginTest" time="6.089"/>
  <system-out>
    <![CDATA[Executing Login Test Case..]]>
  </system-out>
  <testcase classname="com.learning_TestNG.Learning_Incoation_Count_Attribute" name="loginTest" time="6.254"/>
  <system-out>
    <![CDATA[Executing Login Test Case..]]>
  </system-out>
</testsuite> <!-- com.learning_TestNG.Learning_Incoation_Count_Attribute -->
