<?xml version="1.0" encoding="UTF-8"?>
<!-- Generated by org.testng.reporters.JUnitReportReporter -->
<testsuite hostname="MSI" failures="0" tests="1" name="com.learning_TestNG.Learning_Configration_Annotation" time="0.007" errors="0" timestamp="2024-01-20T14:21:52 IST" skipped="0">
  <testcase classname="com.learning_TestNG.Learning_Configration_Annotation" name="Logintest" time="0.007"/>
  <system-out>
    <![CDATA[Executing test()]]>
  </system-out>
</testsuite> <!-- com.learning_TestNG.Learning_Configration_Annotation -->
